Using pre-set license
Built from '2021.1/staging' branch; Version is '2021.1.26f1 (6f076387c01d) revision 7276387'; Using compiler version '192528614'; Build Type 'Release'
OS: 'Windows 10 Home; OS build 19042.1288; Version 2009; 64bit' Language: 'es' Physical Memory: 8034 MB
BatchMode: 1, IsHumanControllingUs: 0, StartBugReporterOnCrash: 0, Is64bit: 1, IsPro: 0

COMMAND LINE ARGUMENTS:
D:\Unity\2021.1.26f1\Editor\Unity.exe
-adb2
-batchMode
-noUpm
-name
AssetImportWorker1
-projectPath
D:/JuegosCDV/SpaceInvaders
-logFile
Logs/AssetImportWorker1.log
-srvPort
49971
Successfully changed project path to: D:/JuegosCDV/SpaceInvaders
D:/JuegosCDV/SpaceInvaders
Using Asset Import Pipeline V2.
Refreshing native plugins compatible for Editor in 396.83 ms, found 4 plugins.
Preloading 0 native plugins for Editor in 0.00 ms.
Initialize engine version: 2021.1.26f1 (6f076387c01d)
[Subsystems] Discovering subsystems at path D:/Unity/2021.1.26f1/Editor/Data/Resources/UnitySubsystems
[Subsystems] Discovering subsystems at path D:/JuegosCDV/SpaceInvaders/Assets
GfxDevice: creating device client; threaded=0; jobified=0
Direct3D:
    Version:  Direct3D 11.0 [level 11.1]
    Renderer: NVIDIA GeForce MX150 (ID=0x1d12)
    Vendor:   NVIDIA
    VRAM:     1983 MB
    Driver:   27.21.14.6089
Initialize mono
Mono path[0] = 'D:/Unity/2021.1.26f1/Editor/Data/Managed'
Mono path[1] = 'D:/Unity/2021.1.26f1/Editor/Data/MonoBleedingEdge/lib/mono/unityjit'
Mono config path = 'D:/Unity/2021.1.26f1/Editor/Data/MonoBleedingEdge/etc'
Using monoOptions --debugger-agent=transport=dt_socket,embedding=1,server=y,suspend=n,address=127.0.0.1:56408
Begin MonoManager ReloadAssembly
Registering precompiled unity dll's ...
Register platform support module: D:/Unity/2021.1.26f1/Editor/Data/PlaybackEngines/WindowsStandaloneSupport/UnityEditor.WindowsStandalone.Extensions.dll
Registered in 0.008914 seconds.
Native extension for WindowsStandalone target not found
Refreshing native plugins compatible for Editor in 581.80 ms, found 4 plugins.
Preloading 0 native plugins for Editor in 0.00 ms.
Mono: successfully reloaded assembly
- Completed reload, in 11.122 seconds
Domain Reload Profiling:
	ReloadAssembly (11123ms)
		BeginReloadAssembly (545ms)
			ExecutionOrderSort (0ms)
			DisableScriptedObjects (0ms)
			BackupInstance (0ms)
			ReleaseScriptingObjects (0ms)
			CreateAndSetChildDomain (4ms)
		EndReloadAssembly (2815ms)
			LoadAssemblies (516ms)
			RebuildTransferFunctionScriptingTraits (0ms)
			SetupTypeCache (880ms)
			ReleaseScriptCaches (0ms)
			RebuildScriptCaches (162ms)
			SetupLoadedEditorAssemblies (1499ms)
				LogAssemblyErrors (0ms)
				InitializePlatformSupportModulesInManaged (33ms)
				SetLoadedEditorAssemblies (1ms)
				RefreshPlugins (582ms)
				BeforeProcessingInitializeOnLoad (8ms)
				ProcessInitializeOnLoadAttributes (703ms)
				ProcessInitializeOnLoadMethodAttributes (172ms)
				AfterProcessingInitializeOnLoad (0ms)
				EditorAssembliesLoaded (1ms)
			ExecutionOrderSort2 (0ms)
			AwakeInstancesAfterBackupRestoration (0ms)
Platform modules already initialized, skipping
Registering precompiled user dll's ...
Registered in 0.062300 seconds.
Begin MonoManager ReloadAssembly
Symbol file LoadedFromMemory doesn't match image D:\JuegosCDV\SpaceInvaders\Library\PackageCache\com.unity.visualscripting@1.6.1\Editor\VisualScripting.Core\Dependencies\YamlDotNet\Unity.VisualScripting.YamlDotNet.dll
Symbol file LoadedFromMemory doesn't match image D:\JuegosCDV\SpaceInvaders\Library\PackageCache\com.unity.visualscripting@1.6.1\Editor\VisualScripting.Core\Dependencies\DotNetZip\Unity.VisualScripting.IonicZip.dll
Native extension for WindowsStandalone target not found
Refreshing native plugins compatible for Editor in 306.70 ms, found 4 plugins.
Preloading 0 native plugins for Editor in 0.00 ms.
Mono: successfully reloaded assembly
- Completed reload, in  5.465 seconds
Domain Reload Profiling:
	ReloadAssembly (5467ms)
		BeginReloadAssembly (770ms)
			ExecutionOrderSort (0ms)
			DisableScriptedObjects (22ms)
			BackupInstance (0ms)
			ReleaseScriptingObjects (0ms)
			CreateAndSetChildDomain (43ms)
		EndReloadAssembly (4231ms)
			LoadAssemblies (758ms)
			RebuildTransferFunctionScriptingTraits (0ms)
			SetupTypeCache (1709ms)
			ReleaseScriptCaches (1ms)
			RebuildScriptCaches (163ms)
			SetupLoadedEditorAssemblies (1496ms)
				LogAssemblyErrors (0ms)
				InitializePlatformSupportModulesInManaged (12ms)
				SetLoadedEditorAssemblies (0ms)
				RefreshPlugins (307ms)
				BeforeProcessingInitializeOnLoad (350ms)
				ProcessInitializeOnLoadAttributes (719ms)
				ProcessInitializeOnLoadMethodAttributes (67ms)
				AfterProcessingInitializeOnLoad (40ms)
				EditorAssembliesLoaded (0ms)
			ExecutionOrderSort2 (0ms)
			AwakeInstancesAfterBackupRestoration (23ms)
Platform modules already initialized, skipping
========================================================================
Worker process is ready to serve import requests
Launched and connected shader compiler UnityShaderCompiler.exe after 0.26 seconds
Refreshing native plugins compatible for Editor in 1.23 ms, found 4 plugins.
Preloading 0 native plugins for Editor in 0.00 ms.
Unloading 3789 Unused Serialized files (Serialized files now loaded: 0)
System memory in use before: 139.8 MB.
System memory in use after: 140.0 MB.

Unloading 33 unused Assets to reduce memory usage. Loaded Objects now: 4238.
Total: 7.475800 ms (FindLiveObjects: 0.453600 ms CreateObjectMapping: 0.349300 ms MarkObjects: 6.530300 ms  DeleteObjects: 0.140600 ms)

AssetImportParameters requested are different than current active one (requested -> active):
  custom:framework-win-MediaFoundation: 216162199b28c13a410421893ffa2e32 -> 
  custom:video-decoder-ogg-theora: a1e56fd34408186e4bbccfd4996cb3dc -> 
  custom:container-muxer-webm: aa71ff27fc2769a1b78a27578f13a17b -> 
  custom:container-demuxer-webm: 4f35f7cbe854078d1ac9338744f61a02 -> 
  custom:container-demuxer-ogg: 62fdf1f143b41e24485cea50d1cbac27 -> 
  custom:video-encoder-webm-vp8: eb34c28f22e8b96e1ab97ce403110664 -> 
  custom:video-codec-MediaFoundation-h265: 746d11721c4dcdbdad8f713fa42b33f4 -> 
  custom:video-decoder-webm-vp8: 9c59270c3fd7afecdb556c50c9e8de78 -> 
  custom:audio-decoder-ogg-vorbis: bf7c407c2cedff20999df2af8eb42d56 -> 
  custom:audio-encoder-webm-vorbis: bf7c407c2cedff20999df2af8eb42d56 -> 
========================================================================
Received Import Request.
  path: Assets/Prefabs/PiumMalo Variant.prefab
  artifactKey: Guid(1a171ddbe51be134d9154661ffd39e55) Importer(815301076,1909f56bfc062723c751e8b465ee728b)
Start importing Assets/Prefabs/PiumMalo Variant.prefab using Guid(1a171ddbe51be134d9154661ffd39e55) Importer(815301076,1909f56bfc062723c751e8b465ee728b)  -> (artifact id: '58d0ff706e614aebb823a341098e693b') in 0.369271 seconds 
========================================================================
Received Import Request.
  Time since last request: 16.047005 seconds.
  path: Assets/Prefabs/PiumMalo Variant.prefab
  artifactKey: Guid(1a171ddbe51be134d9154661ffd39e55) Importer(815301076,1909f56bfc062723c751e8b465ee728b)
Start importing Assets/Prefabs/PiumMalo Variant.prefab using Guid(1a171ddbe51be134d9154661ffd39e55) Importer(815301076,1909f56bfc062723c751e8b465ee728b)  -> (artifact id: '3bc0bc22545a9c426c13a13b57534aca') in 0.027571 seconds 
AssetImportWorkerClient::OnTransportError - code=2 error=End of file
